<?xml version="1.0" encoding="UTF-8"?>
<!-- Generated by org.testng.reporters.JUnitXMLReporter -->
<testsuite ignored="0" hostname="Mrinalgood" failures="1" tests="1" name="Test_Chrome" time="1.562" errors="0" timestamp="2023-05-20T12:24:13 IST">
  <testcase classname="abc.ParallelExec" name="test1" time="1.536">
    <failure type="org.openqa.selenium.SessionNotCreatedException" message="session not created: This version of ChromeDriver only supports Chrome version 111
Current browser version is 113.0.5672.127 with binary path C:\Program Files\Google\Chrome\Application\chrome.exe
Build info: version: &amp;apos;3.141.59&amp;apos;, revision: &amp;apos;e82be7d358&amp;apos;, time: &amp;apos;2018-11-14T08:25:53&amp;apos;
System info: host: &amp;apos;MRINALGOOD&amp;apos;, ip: &amp;apos;192.168.160.213&amp;apos;, os.name: &amp;apos;Windows 11&amp;apos;, os.arch: &amp;apos;amd64&amp;apos;, os.version: &amp;apos;10.0&amp;apos;, java.version: &amp;apos;17.0.6&amp;apos;
Driver info: driver.version: ChromeDriver
remote stacktrace: Backtrace:
	(No symbol) [0x00DFDCE3]
	(No symbol) [0x00D939D1]
	(No symbol) [0x00CA4DA8]
	(No symbol) [0x00CC4F6C]
	(No symbol) [0x00CC0D11]
	(No symbol) [0x00CBED19]
	(No symbol) [0x00CF15AE]
	(No symbol) [0x00CF129C]
	(No symbol) [0x00CEACC6]
	(No symbol) [0x00CC6F68]
	(No symbol) [0x00CC80CD]
	GetHandleVerifier [0x01073832+2506274]
	GetHandleVerifier [0x010A9794+2727300]
	GetHandleVerifier [0x010AE36C+2746716]
	GetHandleVerifier [0x00EA6690+617600]
	(No symbol) [0x00D9C712]
	(No symbol) [0x00DA1FF8]
	(No symbol) [0x00DA20DB]
	(No symbol) [0x00DAC63B]
	BaseThreadInitThunk [0x76AE7D69+25]
	RtlInitializeExceptionChain [0x77D6B74B+107]
	RtlClearBits [0x77D6B6CF+191]
">
      <![CDATA[org.openqa.selenium.SessionNotCreatedException: session not created: This version of ChromeDriver only supports Chrome version 111
Current browser version is 113.0.5672.127 with binary path C:\Program Files\Google\Chrome\Application\chrome.exe
Build info: version: '3.141.59', revision: 'e82be7d358', time: '2018-11-14T08:25:53'
System info: host: 'MRINALGOOD', ip: '192.168.160.213', os.name: 'Windows 11', os.arch: 'amd64', os.version: '10.0', java.version: '17.0.6'
Driver info: driver.version: ChromeDriver
remote stacktrace: Backtrace:
(No symbol) [0x00DFDCE3]
(No symbol) [0x00D939D1]
(No symbol) [0x00CA4DA8]
(No symbol) [0x00CC4F6C]
(No symbol) [0x00CC0D11]
(No symbol) [0x00CBED19]
(No symbol) [0x00CF15AE]
(No symbol) [0x00CF129C]
(No symbol) [0x00CEACC6]
(No symbol) [0x00CC6F68]
(No symbol) [0x00CC80CD]
GetHandleVerifier [0x01073832+2506274]
GetHandleVerifier [0x010A9794+2727300]
GetHandleVerifier [0x010AE36C+2746716]
GetHandleVerifier [0x00EA6690+617600]
(No symbol) [0x00D9C712]
(No symbol) [0x00DA1FF8]
(No symbol) [0x00DA20DB]
(No symbol) [0x00DAC63B]
BaseThreadInitThunk [0x76AE7D69+25]
RtlInitializeExceptionChain [0x77D6B74B+107]
RtlClearBits [0x77D6B6CF+191]

at org.openqa.selenium.remote.W3CHandshakeResponse.lambda$errorHandler$0(W3CHandshakeResponse.java:62)
at org.openqa.selenium.remote.HandshakeResponse.lambda$getResponseFunction$0(HandshakeResponse.java:30)
at org.openqa.selenium.remote.ProtocolHandshake.lambda$createSession$0(ProtocolHandshake.java:126)
at java.base/java.util.stream.ReferencePipeline$3$1.accept(ReferencePipeline.java:197)
at java.base/java.util.Spliterators$ArraySpliterator.tryAdvance(Spliterators.java:1002)
at java.base/java.util.stream.ReferencePipeline.forEachWithCancel(ReferencePipeline.java:129)
at java.base/java.util.stream.AbstractPipeline.copyIntoWithCancel(AbstractPipeline.java:527)
at java.base/java.util.stream.AbstractPipeline.copyInto(AbstractPipeline.java:513)
at java.base/java.util.stream.AbstractPipeline.wrapAndCopyInto(AbstractPipeline.java:499)
at java.base/java.util.stream.FindOps$FindOp.evaluateSequential(FindOps.java:150)
at java.base/java.util.stream.AbstractPipeline.evaluate(AbstractPipeline.java:234)
at java.base/java.util.stream.ReferencePipeline.findFirst(ReferencePipeline.java:647)
at org.openqa.selenium.remote.ProtocolHandshake.createSession(ProtocolHandshake.java:128)
at org.openqa.selenium.remote.ProtocolHandshake.createSession(ProtocolHandshake.java:74)
at org.openqa.selenium.remote.HttpCommandExecutor.execute(HttpCommandExecutor.java:136)
at org.openqa.selenium.remote.service.DriverCommandExecutor.execute(DriverCommandExecutor.java:83)
at org.openqa.selenium.remote.RemoteWebDriver.execute(RemoteWebDriver.java:552)
at org.openqa.selenium.remote.RemoteWebDriver.startSession(RemoteWebDriver.java:213)
at org.openqa.selenium.remote.RemoteWebDriver.<init>(RemoteWebDriver.java:131)
at org.openqa.selenium.chrome.ChromeDriver.<init>(ChromeDriver.java:181)
at org.openqa.selenium.chrome.ChromeDriver.<init>(ChromeDriver.java:168)
at org.openqa.selenium.chrome.ChromeDriver.<init>(ChromeDriver.java:123)
at abc.ParallelExec.test1(ParallelExec.java:20)
at java.base/java.util.ArrayList.forEach(ArrayList.java:1511)
at java.base/java.util.concurrent.FutureTask.run(FutureTask.java:264)
at java.base/java.util.concurrent.ThreadPoolExecutor.runWorker(ThreadPoolExecutor.java:1136)
at java.base/java.util.concurrent.ThreadPoolExecutor$Worker.run(ThreadPoolExecutor.java:635)
at java.base/java.lang.Thread.run(Thread.java:833)
... Removed 23 stack frames]]>
    </failure>
  </testcase> <!-- test1 -->
</testsuite> <!-- Test_Chrome -->
